TEACHING SET: 3x1 daldalmatian1T: 0.000177992293222
dalmatian0T: 0.00017595080988
pug0T: 0.000164348171463
poodle0T: 0.000162959392305
tabby0T: 0.000101515715282
manx0T: 9.99125644839e-05
flounder0T: 9.97788718465e-05
fire-truck0T: 1.01841369985e-05
motorboat0T: 9.66413615942e-06
TEACHING SET: 3 daldalmatian1T: 0.000195702909754
dalmatian0T: 0.000193495854532
pug0T: 0.000181280805223
poodle0T: 0.000180062917934
tabby0T: 0.000113258502713
manx0T: 0.000111454678816
flounder0T: 0.000111153450854
motorboat0T: 1.06435966341e-05
fire-truck0T: 1.06279668656e-05
TEACHING SET: 3 dogdalmatian1T: 0.000195628119153
dalmatian0T: 0.000193478982413
pug0T: 0.0001921623963
poodle0T: 0.000191228395957
tabby0T: 0.000121682857974
manx0T: 0.000119840987321
flounder0T: 0.000119455932207
fire-truck0T: 1.18745601061e-05
motorboat0T: 1.16584574046e-05
TEACHING SET: 3 animdalmatian1T: 0.000155552812818
dalmatian0T: 0.000153960605707
pug0T: 0.000150573043448
poodle0T: 0.000148959654945
tabby0T: 0.000138503205541
manx0T: 0.000133298061609
flounder0T: 0.000132373345288
fire-truck0T: 1.2417638966e-05
motorboat0T: 1.21797894985e-05
